===============================================================
Gobuster v3.1.0
by OJ Reeves (@TheColonial) & Christian Mehlmauer (@firefart)
===============================================================
[+] Url:                     http://10.10.204.12
[+] Method:                  GET
[+] Threads:                 10
[+] Wordlist:                /usr/share/wordlists/dirb/common.txt
[+] Negative Status codes:   404
[+] User Agent:              gobuster/3.1.0
[+] Timeout:                 10s
===============================================================
2022/10/02 07:26:19 Starting gobuster in directory enumeration mode
===============================================================
/img                  (Status: 301) [Size: 0] [--> img/]
/index.html           (Status: 301) [Size: 0] [--> ./]  
/r                    (Status: 301) [Size: 0] [--> r/]  
===============================================================
2022/10/02 07:27:07 Finished
===============================================================
